0 silly argv {
0 silly argv   _: [ 'version' ],
0 silly argv   'conventional-commits': true,
0 silly argv   conventionalCommits: true,
0 silly argv   yes: true,
0 silly argv   y: true,
0 silly argv   lernaVersion: '4.0.0',
0 silly argv   '$0': 'node_modules/.bin/lerna'
0 silly argv }
1 notice cli v4.0.0
2 verbose rootPath /home/alexis/Desktop/node/pern-shop
3 info current version 1.0.1
4 silly isAnythingCommitted
5 verbose isAnythingCommitted 1
6 silly getCurrentBranch
7 verbose currentBranch main
8 silly remoteBranchExists
9 silly isBehindUpstream
10 silly isBehindUpstream main is behind origin/main by 0 commit(s) and ahead by 1
11 silly hasTags
12 verbose hasTags true
13 silly git-describe.sync "v1.0.1-1-g78daa4d" => {"lastTagName":"v1.0.1","lastVersion":"v1.0.1","refCount":"1","sha":"78daa4d","isDirty":false}
14 info Looking for changed packages since v1.0.1
15 silly checking diff packages/server
16 silly found diff in packages/server/config.env
16 silly found diff in packages/server/package.json
16 silly found diff in packages/server/src/controllers/deviceController/postCreateDevice.ts
16 silly found diff in packages/server/src/controllers/userController/checkAuth.ts
16 silly found diff in packages/server/src/controllers/userController/index.ts
16 silly found diff in packages/server/src/controllers/userController/login.ts
16 silly found diff in packages/server/src/controllers/userController/register.ts
16 silly found diff in packages/server/src/routes/brandRouter.ts
16 silly found diff in packages/server/src/routes/deviceRouter.ts
16 silly found diff in packages/server/src/routes/typeRouter.ts
16 silly found diff in packages/server/src/routes/userRouter.ts
16 silly found diff in packages/server/src/types/express.ts
16 silly found diff in packages/server/src/types/types.ts
16 silly found diff in packages/server/src/useCases/post/checkSameDevice.ts
16 silly found diff in packages/server/src/useCases/user/generateJwt.ts
16 silly found diff in packages/server/src/utils/authMiddleware.ts
16 silly found diff in packages/server/yarn.lock
17 verbose filtered diff [
17 verbose filtered diff   'packages/server/config.env',
17 verbose filtered diff   'packages/server/package.json',
17 verbose filtered diff   'packages/server/src/controllers/deviceController/postCreateDevice.ts',
17 verbose filtered diff   'packages/server/src/controllers/userController/checkAuth.ts',
17 verbose filtered diff   'packages/server/src/controllers/userController/index.ts',
17 verbose filtered diff   'packages/server/src/controllers/userController/login.ts',
17 verbose filtered diff   'packages/server/src/controllers/userController/register.ts',
17 verbose filtered diff   'packages/server/src/routes/brandRouter.ts',
17 verbose filtered diff   'packages/server/src/routes/deviceRouter.ts',
17 verbose filtered diff   'packages/server/src/routes/typeRouter.ts',
17 verbose filtered diff   'packages/server/src/routes/userRouter.ts',
17 verbose filtered diff   'packages/server/src/types/express.ts',
17 verbose filtered diff   'packages/server/src/types/types.ts',
17 verbose filtered diff   'packages/server/src/useCases/post/checkSameDevice.ts',
17 verbose filtered diff   'packages/server/src/useCases/user/generateJwt.ts',
17 verbose filtered diff   'packages/server/src/utils/authMiddleware.ts',
17 verbose filtered diff   'packages/server/yarn.lock'
17 verbose filtered diff ]
18 verbose updated pern-server
19 verbose git-describe undefined => "v1.0.1-1-g78daa4d"
20 silly git-describe parsed => {"lastTagName":"v1.0.1","lastVersion":"v1.0.1","refCount":"1","sha":"78daa4d","isDirty":false}
21 silly fixed for pern-server at /home/alexis/Desktop/node/pern-shop/packages/server
22 verbose getChangelogConfig using preset "conventional-changelog-angular"
23 silly npa Result {
23 silly npa   type: 'tag',
23 silly npa   registry: true,
23 silly npa   where: undefined,
23 silly npa   raw: 'conventional-changelog-angular',
23 silly npa   name: 'conventional-changelog-angular',
23 silly npa   escapedName: 'conventional-changelog-angular',
23 silly npa   scope: undefined,
23 silly npa   rawSpec: '',
23 silly npa   saveSpec: null,
23 silly npa   fetchSpec: 'latest',
23 silly npa   gitRange: undefined,
23 silly npa   gitCommittish: undefined,
23 silly npa   hosted: undefined
23 silly npa }
24 verbose getChangelogConfig Attempting to resolve preset "conventional-changelog-angular"
25 info getChangelogConfig Successfully resolved preset "conventional-changelog-angular"
26 verbose fixed increment 1.0.1 by patch
27 info auto-confirmed
28 info execute Skipping releases
29 silly lifecycle No script for "preversion" in "pern-architecture", continuing
30 silly lifecycle No script for "preversion" in "pern-server", continuing
31 silly lifecycle No script for "version" in "pern-server", continuing
32 silly fixed for pern-server at /home/alexis/Desktop/node/pern-shop/packages/server
33 silly fixed writing new entry: "## [1.0.2](https://github.com/AlexisPell/Clean-code-rest-model/compare/v1.0.1...v1.0.2) (2021-03-29)\n\n**Note:** Version bump only for package pern-server\n\n\n\n"
34 verbose fixed wrote /home/alexis/Desktop/node/pern-shop/packages/server/CHANGELOG.md
35 silly root for pern-architecture at /home/alexis/Desktop/node/pern-shop
36 silly root writing new entry: "## [1.0.2](https://github.com/AlexisPell/Clean-code-rest-model/compare/v1.0.1...v1.0.2) (2021-03-29)\n\n**Note:** Version bump only for package pern-architecture\n\n\n\n"
37 verbose root wrote /home/alexis/Desktop/node/pern-shop/CHANGELOG.md
38 silly lifecycle No script for "version" in "pern-architecture", continuing
39 silly gitAdd [
39 silly gitAdd   'packages/server/package.json',
39 silly gitAdd   'packages/server/package-lock.json',
39 silly gitAdd   'packages/server/CHANGELOG.md',
39 silly gitAdd   'CHANGELOG.md',
39 silly gitAdd   'lerna.json'
39 silly gitAdd ]
40 error Error: Command failed with exit code 1: git add -- packages/server/package.json packages/server/package-lock.json packages/server/CHANGELOG.md CHANGELOG.md lerna.json
40 error The following paths are ignored by one of your .gitignore files:
40 error packages/server/package-lock.json
40 error Use -f if you really want to add them.
40 error     at makeError (/home/alexis/Desktop/node/pern-shop/node_modules/execa/lib/error.js:59:11)
40 error     at handlePromise (/home/alexis/Desktop/node/pern-shop/node_modules/execa/index.js:114:26)
40 error     at processTicksAndRejections (internal/process/task_queues.js:93:5)
40 error     at async Promise.all (index 0)
